<?xml version="1.0" encoding="UTF-8"?>
<testsuite xmlns:xsi="http://www.w3.org/2001/XMLSchema-instance" xsi:noNamespaceSchemaLocation="https://maven.apache.org/surefire/maven-surefire-plugin/xsd/surefire-test-report.xsd" name="com.example.AppTest" time="0.024" tests="1" errors="0" skipped="0" failures="0">
  <properties>
    <property name="sun.desktop" value="gnome"/>
    <property name="awt.toolkit" value="sun.awt.X11.XToolkit"/>
    <property name="file.encoding.pkg" value="sun.io"/>
    <property name="java.specification.version" value="1.8"/>
    <property name="sun.cpu.isalist" value=""/>
    <property name="sun.jnu.encoding" value="UTF-8"/>
    <property name="java.class.path" value="/home/moralespanitz/UTEC/Software-Engineering/Jenkins-Mock-Server/demo-jenkis/target/test-classes:/home/moralespanitz/UTEC/Software-Engineering/Jenkins-Mock-Server/demo-jenkis/target/classes:/home/moralespanitz/.m2/repository/junit/junit/4.11/junit-4.11.jar:/home/moralespanitz/.m2/repository/org/hamcrest/hamcrest-core/1.3/hamcrest-core-1.3.jar:"/>
    <property name="java.vm.vendor" value="Amazon.com Inc."/>
    <property name="sun.arch.data.model" value="64"/>
    <property name="java.vendor.url" value="https://aws.amazon.com/corretto/"/>
    <property name="user.timezone" value=""/>
    <property name="java.vm.specification.version" value="1.8"/>
    <property name="os.name" value="Linux"/>
    <property name="user.country" value="US"/>
    <property name="sun.java.launcher" value="SUN_STANDARD"/>
    <property name="sun.boot.library.path" value="/home/moralespanitz/.jdks/corretto-1.8.0_332/jre/lib/amd64"/>
    <property name="sun.java.command" value="/home/moralespanitz/UTEC/Software-Engineering/Jenkins-Mock-Server/demo-jenkis/target/surefire/surefirebooter780539875733902562.jar /home/moralespanitz/UTEC/Software-Engineering/Jenkins-Mock-Server/demo-jenkis/target/surefire 2022-06-09T20-59-40_704-jvmRun1 surefire1599443310878870461tmp surefire_08001624201500595026tmp"/>
    <property name="surefire.test.class.path" value="/home/moralespanitz/UTEC/Software-Engineering/Jenkins-Mock-Server/demo-jenkis/target/test-classes:/home/moralespanitz/UTEC/Software-Engineering/Jenkins-Mock-Server/demo-jenkis/target/classes:/home/moralespanitz/.m2/repository/junit/junit/4.11/junit-4.11.jar:/home/moralespanitz/.m2/repository/org/hamcrest/hamcrest-core/1.3/hamcrest-core-1.3.jar:"/>
    <property name="sun.cpu.endian" value="little"/>
    <property name="user.home" value="/home/moralespanitz"/>
    <property name="user.language" value="en"/>
    <property name="java.specification.vendor" value="Oracle Corporation"/>
    <property name="java.home" value="/home/moralespanitz/.jdks/corretto-1.8.0_332/jre"/>
    <property name="basedir" value="/home/moralespanitz/UTEC/Software-Engineering/Jenkins-Mock-Server/demo-jenkis"/>
    <property name="file.separator" value="/"/>
    <property name="line.separator" value="&#10;"/>
    <property name="java.vm.specification.vendor" value="Oracle Corporation"/>
    <property name="java.specification.name" value="Java Platform API Specification"/>
    <property name="java.awt.graphicsenv" value="sun.awt.X11GraphicsEnvironment"/>
    <property name="surefire.real.class.path" value="/home/moralespanitz/UTEC/Software-Engineering/Jenkins-Mock-Server/demo-jenkis/target/surefire/surefirebooter780539875733902562.jar"/>
    <property name="sun.boot.class.path" value="/home/moralespanitz/.jdks/corretto-1.8.0_332/jre/lib/resources.jar:/home/moralespanitz/.jdks/corretto-1.8.0_332/jre/lib/rt.jar:/home/moralespanitz/.jdks/corretto-1.8.0_332/jre/lib/sunrsasign.jar:/home/moralespanitz/.jdks/corretto-1.8.0_332/jre/lib/jsse.jar:/home/moralespanitz/.jdks/corretto-1.8.0_332/jre/lib/jce.jar:/home/moralespanitz/.jdks/corretto-1.8.0_332/jre/lib/charsets.jar:/home/moralespanitz/.jdks/corretto-1.8.0_332/jre/lib/jfr.jar:/home/moralespanitz/.jdks/corretto-1.8.0_332/jre/classes"/>
    <property name="sun.management.compiler" value="HotSpot 64-Bit Tiered Compilers"/>
    <property name="java.runtime.version" value="1.8.0_332-b08"/>
    <property name="user.name" value="moralespanitz"/>
    <property name="path.separator" value=":"/>
    <property name="os.version" value="5.17.5-76051705-generic"/>
    <property name="java.endorsed.dirs" value="/home/moralespanitz/.jdks/corretto-1.8.0_332/jre/lib/endorsed"/>
    <property name="java.runtime.name" value="OpenJDK Runtime Environment"/>
    <property name="file.encoding" value="UTF-8"/>
    <property name="java.vm.name" value="OpenJDK 64-Bit Server VM"/>
    <property name="localRepository" value="/home/moralespanitz/.m2/repository"/>
    <property name="java.vendor.url.bug" value="https://github.com/corretto/corretto-8/issues/"/>
    <property name="java.io.tmpdir" value="/tmp"/>
    <property name="java.version" value="1.8.0_332"/>
    <property name="user.dir" value="/home/moralespanitz/UTEC/Software-Engineering/Jenkins-Mock-Server/demo-jenkis"/>
    <property name="os.arch" value="amd64"/>
    <property name="java.vm.specification.name" value="Java Virtual Machine Specification"/>
    <property name="java.awt.printerjob" value="sun.print.PSPrinterJob"/>
    <property name="sun.os.patch.level" value="unknown"/>
    <property name="java.library.path" value="/usr/java/packages/lib/amd64:/usr/lib64:/lib64:/lib:/usr/lib"/>
    <property name="java.vm.info" value="mixed mode"/>
    <property name="java.vendor" value="Amazon.com Inc."/>
    <property name="java.vm.version" value="25.332-b08"/>
    <property name="java.ext.dirs" value="/home/moralespanitz/.jdks/corretto-1.8.0_332/jre/lib/ext:/usr/java/packages/lib/ext"/>
    <property name="sun.io.unicode.encoding" value="UnicodeLittle"/>
    <property name="java.class.version" value="52.0"/>
  </properties>
  <testcase name="shouldAnswerWithTrue" classname="com.example.AppTest" time="0.008"/>
</testsuite>